# Logfile created on Tue Nov 15 01:34:16 +0530 2011 by logger.rb/22285
DEPRECATION WARNING: model is deprecated and will be removed from Rails 2.0  See http://www.rubyonrails.org/deprecation for details. (called from /home/rahul/workspace/deep-hool/app/controllers/application.rb:12)
DEPRECATION WARNING: depend_on is deprecated and will be removed from Rails 2.0  See http://www.rubyonrails.org/deprecation for details. (called from model_without_deprecation at /home/rahul/.rvm/gems/ree-1.8.7-2011.03@deep-hool/gems/actionpack-1.13.3/lib/action_controller/deprecated_dependencies.rb:13)


Processing ApplicationController#index (for 127.0.0.1 at 2011-11-15 01:34:16) [GET]
  Session ID: 15b8ffae1055a6874cf54f36abfb313f
  Parameters: {}


ActionController::RoutingError (no route found to match "/" with {:method=>:get}):
    /home/rahul/.rvm/gems/ree-1.8.7-2011.03@deep-hool/gems/actionpack-1.13.3/lib/action_controller/routing.rb:1292:in `recognize_path'
    /home/rahul/.rvm/gems/ree-1.8.7-2011.03@deep-hool/gems/actionpack-1.13.3/lib/action_controller/routing.rb:1282:in `recognize'
    /home/rahul/.rvm/gems/ree-1.8.7-2011.03@deep-hool/gems/rails-1.2.3/lib/dispatcher.rb:40:in `dispatch'
    /home/rahul/.passenger/standalone/3.0.9-x86-ruby1.8.7-linux-gcc4.5.2-1002/support/lib/phusion_passenger/classic_rails/request_handler.rb:51:in `process_request'
    /home/rahul/.passenger/standalone/3.0.9-x86-ruby1.8.7-linux-gcc4.5.2-1002/support/lib/phusion_passenger/abstract_request_handler.rb:513:in `accept_and_process_next_request'
    /home/rahul/.passenger/standalone/3.0.9-x86-ruby1.8.7-linux-gcc4.5.2-1002/support/lib/phusion_passenger/abstract_request_handler.rb:274:in `main_loop'
    /home/rahul/.passenger/standalone/3.0.9-x86-ruby1.8.7-linux-gcc4.5.2-1002/support/lib/phusion_passenger/classic_rails/application_spawner.rb:321:in `start_request_handler'
    /home/rahul/.passenger/standalone/3.0.9-x86-ruby1.8.7-linux-gcc4.5.2-1002/support/lib/phusion_passenger/classic_rails/application_spawner.rb:275:in `send'
    /home/rahul/.passenger/standalone/3.0.9-x86-ruby1.8.7-linux-gcc4.5.2-1002/support/lib/phusion_passenger/classic_rails/application_spawner.rb:275:in `handle_spawn_application'
    /home/rahul/.passenger/standalone/3.0.9-x86-ruby1.8.7-linux-gcc4.5.2-1002/support/lib/phusion_passenger/utils.rb:479:in `safe_fork'
    /home/rahul/.passenger/standalone/3.0.9-x86-ruby1.8.7-linux-gcc4.5.2-1002/support/lib/phusion_passenger/classic_rails/application_spawner.rb:270:in `handle_spawn_application'
    /home/rahul/.passenger/standalone/3.0.9-x86-ruby1.8.7-linux-gcc4.5.2-1002/support/lib/phusion_passenger/abstract_server.rb:357:in `__send__'
    /home/rahul/.passenger/standalone/3.0.9-x86-ruby1.8.7-linux-gcc4.5.2-1002/support/lib/phusion_passenger/abstract_server.rb:357:in `server_main_loop'
    /home/rahul/.passenger/standalone/3.0.9-x86-ruby1.8.7-linux-gcc4.5.2-1002/support/lib/phusion_passenger/abstract_server.rb:206:in `start_synchronously'
    /home/rahul/.passenger/standalone/3.0.9-x86-ruby1.8.7-linux-gcc4.5.2-1002/support/lib/phusion_passenger/abstract_server.rb:180:in `start'
    /home/rahul/.passenger/standalone/3.0.9-x86-ruby1.8.7-linux-gcc4.5.2-1002/support/lib/phusion_passenger/classic_rails/application_spawner.rb:149:in `start'
    /home/rahul/.passenger/standalone/3.0.9-x86-ruby1.8.7-linux-gcc4.5.2-1002/support/lib/phusion_passenger/spawn_manager.rb:219:in `spawn_rails_application'
    /home/rahul/.passenger/standalone/3.0.9-x86-ruby1.8.7-linux-gcc4.5.2-1002/support/lib/phusion_passenger/abstract_server_collection.rb:132:in `lookup_or_add'
    /home/rahul/.passenger/standalone/3.0.9-x86-ruby1.8.7-linux-gcc4.5.2-1002/support/lib/phusion_passenger/spawn_manager.rb:214:in `spawn_rails_application'
    /home/rahul/.passenger/standalone/3.0.9-x86-ruby1.8.7-linux-gcc4.5.2-1002/support/lib/phusion_passenger/abstract_server_collection.rb:82:in `synchronize'
    /home/rahul/.passenger/standalone/3.0.9-x86-ruby1.8.7-linux-gcc4.5.2-1002/support/lib/phusion_passenger/abstract_server_collection.rb:79:in `synchronize'
    /home/rahul/.passenger/standalone/3.0.9-x86-ruby1.8.7-linux-gcc4.5.2-1002/support/lib/phusion_passenger/spawn_manager.rb:213:in `spawn_rails_application'
    /home/rahul/.passenger/standalone/3.0.9-x86-ruby1.8.7-linux-gcc4.5.2-1002/support/lib/phusion_passenger/spawn_manager.rb:132:in `spawn_application'
    /home/rahul/.passenger/standalone/3.0.9-x86-ruby1.8.7-linux-gcc4.5.2-1002/support/lib/phusion_passenger/spawn_manager.rb:275:in `handle_spawn_application'
    /home/rahul/.passenger/standalone/3.0.9-x86-ruby1.8.7-linux-gcc4.5.2-1002/support/lib/phusion_passenger/abstract_server.rb:357:in `__send__'
    /home/rahul/.passenger/standalone/3.0.9-x86-ruby1.8.7-linux-gcc4.5.2-1002/support/lib/phusion_passenger/abstract_server.rb:357:in `server_main_loop'
    /home/rahul/.passenger/standalone/3.0.9-x86-ruby1.8.7-linux-gcc4.5.2-1002/support/lib/phusion_passenger/abstract_server.rb:206:in `start_synchronously'
    /home/rahul/.passenger/standalone/3.0.9-x86-ruby1.8.7-linux-gcc4.5.2-1002/support/helper-scripts/passenger-spawn-server:99


Rendering /home/rahul/.rvm/gems/ree-1.8.7-2011.03@deep-hool/gems/actionpack-1.13.3/lib/action_controller/templates/rescues/layout.rhtml (404 Page Not Found)
DEPRECATION WARNING: model is deprecated and will be removed from Rails 2.0  See http://www.rubyonrails.org/deprecation for details. (called from /home/rahul/workspace/deep-hool/app/controllers/application.rb:12)
DEPRECATION WARNING: depend_on is deprecated and will be removed from Rails 2.0  See http://www.rubyonrails.org/deprecation for details. (called from model_without_deprecation at /home/rahul/.rvm/gems/ree-1.8.7-2011.03@deep-hool/gems/actionpack-1.13.3/lib/action_controller/deprecated_dependencies.rb:13)


Processing ApplicationController#index (for 127.0.0.1 at 2011-11-15 01:34:49) [GET]
  Session ID: 54ce7f3874db1f3758fc29e20b318dc6
  Parameters: {}


ActionController::RoutingError (no route found to match "/" with {:method=>:get}):
    /home/rahul/.rvm/gems/ree-1.8.7-2011.03@deep-hool/gems/actionpack-1.13.3/lib/action_controller/routing.rb:1292:in `recognize_path'
    /home/rahul/.rvm/gems/ree-1.8.7-2011.03@deep-hool/gems/actionpack-1.13.3/lib/action_controller/routing.rb:1282:in `recognize'
    /home/rahul/.rvm/gems/ree-1.8.7-2011.03@deep-hool/gems/rails-1.2.3/lib/dispatcher.rb:40:in `dispatch'
    /home/rahul/.passenger/standalone/3.0.9-x86-ruby1.8.7-linux-gcc4.5.2-1002/support/lib/phusion_passenger/classic_rails/request_handler.rb:51:in `process_request'
    /home/rahul/.passenger/standalone/3.0.9-x86-ruby1.8.7-linux-gcc4.5.2-1002/support/lib/phusion_passenger/abstract_request_handler.rb:513:in `accept_and_process_next_request'
    /home/rahul/.passenger/standalone/3.0.9-x86-ruby1.8.7-linux-gcc4.5.2-1002/support/lib/phusion_passenger/abstract_request_handler.rb:274:in `main_loop'
    /home/rahul/.passenger/standalone/3.0.9-x86-ruby1.8.7-linux-gcc4.5.2-1002/support/lib/phusion_passenger/classic_rails/application_spawner.rb:321:in `start_request_handler'
    /home/rahul/.passenger/standalone/3.0.9-x86-ruby1.8.7-linux-gcc4.5.2-1002/support/lib/phusion_passenger/classic_rails/application_spawner.rb:275:in `send'
    /home/rahul/.passenger/standalone/3.0.9-x86-ruby1.8.7-linux-gcc4.5.2-1002/support/lib/phusion_passenger/classic_rails/application_spawner.rb:275:in `handle_spawn_application'
    /home/rahul/.passenger/standalone/3.0.9-x86-ruby1.8.7-linux-gcc4.5.2-1002/support/lib/phusion_passenger/utils.rb:479:in `safe_fork'
    /home/rahul/.passenger/standalone/3.0.9-x86-ruby1.8.7-linux-gcc4.5.2-1002/support/lib/phusion_passenger/classic_rails/application_spawner.rb:270:in `handle_spawn_application'
    /home/rahul/.passenger/standalone/3.0.9-x86-ruby1.8.7-linux-gcc4.5.2-1002/support/lib/phusion_passenger/abstract_server.rb:357:in `__send__'
    /home/rahul/.passenger/standalone/3.0.9-x86-ruby1.8.7-linux-gcc4.5.2-1002/support/lib/phusion_passenger/abstract_server.rb:357:in `server_main_loop'
    /home/rahul/.passenger/standalone/3.0.9-x86-ruby1.8.7-linux-gcc4.5.2-1002/support/lib/phusion_passenger/abstract_server.rb:206:in `start_synchronously'
    /home/rahul/.passenger/standalone/3.0.9-x86-ruby1.8.7-linux-gcc4.5.2-1002/support/lib/phusion_passenger/abstract_server.rb:180:in `start'
    /home/rahul/.passenger/standalone/3.0.9-x86-ruby1.8.7-linux-gcc4.5.2-1002/support/lib/phusion_passenger/classic_rails/application_spawner.rb:149:in `start'
    /home/rahul/.passenger/standalone/3.0.9-x86-ruby1.8.7-linux-gcc4.5.2-1002/support/lib/phusion_passenger/spawn_manager.rb:219:in `spawn_rails_application'
    /home/rahul/.passenger/standalone/3.0.9-x86-ruby1.8.7-linux-gcc4.5.2-1002/support/lib/phusion_passenger/abstract_server_collection.rb:132:in `lookup_or_add'
    /home/rahul/.passenger/standalone/3.0.9-x86-ruby1.8.7-linux-gcc4.5.2-1002/support/lib/phusion_passenger/spawn_manager.rb:214:in `spawn_rails_application'
    /home/rahul/.passenger/standalone/3.0.9-x86-ruby1.8.7-linux-gcc4.5.2-1002/support/lib/phusion_passenger/abstract_server_collection.rb:82:in `synchronize'
    /home/rahul/.passenger/standalone/3.0.9-x86-ruby1.8.7-linux-gcc4.5.2-1002/support/lib/phusion_passenger/abstract_server_collection.rb:79:in `synchronize'
    /home/rahul/.passenger/standalone/3.0.9-x86-ruby1.8.7-linux-gcc4.5.2-1002/support/lib/phusion_passenger/spawn_manager.rb:213:in `spawn_rails_application'
    /home/rahul/.passenger/standalone/3.0.9-x86-ruby1.8.7-linux-gcc4.5.2-1002/support/lib/phusion_passenger/spawn_manager.rb:132:in `spawn_application'
    /home/rahul/.passenger/standalone/3.0.9-x86-ruby1.8.7-linux-gcc4.5.2-1002/support/lib/phusion_passenger/spawn_manager.rb:275:in `handle_spawn_application'
    /home/rahul/.passenger/standalone/3.0.9-x86-ruby1.8.7-linux-gcc4.5.2-1002/support/lib/phusion_passenger/abstract_server.rb:357:in `__send__'
    /home/rahul/.passenger/standalone/3.0.9-x86-ruby1.8.7-linux-gcc4.5.2-1002/support/lib/phusion_passenger/abstract_server.rb:357:in `server_main_loop'
    /home/rahul/.passenger/standalone/3.0.9-x86-ruby1.8.7-linux-gcc4.5.2-1002/support/lib/phusion_passenger/abstract_server.rb:206:in `start_synchronously'
    /home/rahul/.passenger/standalone/3.0.9-x86-ruby1.8.7-linux-gcc4.5.2-1002/support/helper-scripts/passenger-spawn-server:99


Rendering /home/rahul/.rvm/gems/ree-1.8.7-2011.03@deep-hool/gems/actionpack-1.13.3/lib/action_controller/templates/rescues/layout.rhtml (404 Page Not Found)
DEPRECATION WARNING: model is deprecated and will be removed from Rails 2.0  See http://www.rubyonrails.org/deprecation for details. (called from /home/rahul/workspace/deep-hool/app/controllers/application.rb:12)
DEPRECATION WARNING: depend_on is deprecated and will be removed from Rails 2.0  See http://www.rubyonrails.org/deprecation for details. (called from model_without_deprecation at /home/rahul/.rvm/gems/ree-1.8.7-2011.03@deep-hool/gems/actionpack-1.13.3/lib/action_controller/deprecated_dependencies.rb:13)


Processing ApplicationController#index (for 127.0.0.1 at 2011-11-15 01:34:49) [GET]
  Session ID: 54ce7f3874db1f3758fc29e20b318dc6
  Parameters: {}


ActionController::RoutingError (no route found to match "/favicon.ico" with {:method=>:get}):
    /home/rahul/.rvm/gems/ree-1.8.7-2011.03@deep-hool/gems/actionpack-1.13.3/lib/action_controller/routing.rb:1292:in `recognize_path'
    /home/rahul/.rvm/gems/ree-1.8.7-2011.03@deep-hool/gems/actionpack-1.13.3/lib/action_controller/routing.rb:1282:in `recognize'
    /home/rahul/.rvm/gems/ree-1.8.7-2011.03@deep-hool/gems/rails-1.2.3/lib/dispatcher.rb:40:in `dispatch'
    /home/rahul/.passenger/standalone/3.0.9-x86-ruby1.8.7-linux-gcc4.5.2-1002/support/lib/phusion_passenger/classic_rails/request_handler.rb:51:in `process_request'
    /home/rahul/.passenger/standalone/3.0.9-x86-ruby1.8.7-linux-gcc4.5.2-1002/support/lib/phusion_passenger/abstract_request_handler.rb:513:in `accept_and_process_next_request'
    /home/rahul/.passenger/standalone/3.0.9-x86-ruby1.8.7-linux-gcc4.5.2-1002/support/lib/phusion_passenger/abstract_request_handler.rb:274:in `main_loop'
    /home/rahul/.passenger/standalone/3.0.9-x86-ruby1.8.7-linux-gcc4.5.2-1002/support/lib/phusion_passenger/classic_rails/application_spawner.rb:321:in `start_request_handler'
    /home/rahul/.passenger/standalone/3.0.9-x86-ruby1.8.7-linux-gcc4.5.2-1002/support/lib/phusion_passenger/classic_rails/application_spawner.rb:275:in `send'
    /home/rahul/.passenger/standalone/3.0.9-x86-ruby1.8.7-linux-gcc4.5.2-1002/support/lib/phusion_passenger/classic_rails/application_spawner.rb:275:in `handle_spawn_application'
    /home/rahul/.passenger/standalone/3.0.9-x86-ruby1.8.7-linux-gcc4.5.2-1002/support/lib/phusion_passenger/utils.rb:479:in `safe_fork'
    /home/rahul/.passenger/standalone/3.0.9-x86-ruby1.8.7-linux-gcc4.5.2-1002/support/lib/phusion_passenger/classic_rails/application_spawner.rb:270:in `handle_spawn_application'
    /home/rahul/.passenger/standalone/3.0.9-x86-ruby1.8.7-linux-gcc4.5.2-1002/support/lib/phusion_passenger/abstract_server.rb:357:in `__send__'
    /home/rahul/.passenger/standalone/3.0.9-x86-ruby1.8.7-linux-gcc4.5.2-1002/support/lib/phusion_passenger/abstract_server.rb:357:in `server_main_loop'
    /home/rahul/.passenger/standalone/3.0.9-x86-ruby1.8.7-linux-gcc4.5.2-1002/support/lib/phusion_passenger/abstract_server.rb:206:in `start_synchronously'
    /home/rahul/.passenger/standalone/3.0.9-x86-ruby1.8.7-linux-gcc4.5.2-1002/support/lib/phusion_passenger/abstract_server.rb:180:in `start'
    /home/rahul/.passenger/standalone/3.0.9-x86-ruby1.8.7-linux-gcc4.5.2-1002/support/lib/phusion_passenger/classic_rails/application_spawner.rb:149:in `start'
    /home/rahul/.passenger/standalone/3.0.9-x86-ruby1.8.7-linux-gcc4.5.2-1002/support/lib/phusion_passenger/spawn_manager.rb:219:in `spawn_rails_application'
    /home/rahul/.passenger/standalone/3.0.9-x86-ruby1.8.7-linux-gcc4.5.2-1002/support/lib/phusion_passenger/abstract_server_collection.rb:132:in `lookup_or_add'
    /home/rahul/.passenger/standalone/3.0.9-x86-ruby1.8.7-linux-gcc4.5.2-1002/support/lib/phusion_passenger/spawn_manager.rb:214:in `spawn_rails_application'
    /home/rahul/.passenger/standalone/3.0.9-x86-ruby1.8.7-linux-gcc4.5.2-1002/support/lib/phusion_passenger/abstract_server_collection.rb:82:in `synchronize'
    /home/rahul/.passenger/standalone/3.0.9-x86-ruby1.8.7-linux-gcc4.5.2-1002/support/lib/phusion_passenger/abstract_server_collection.rb:79:in `synchronize'
    /home/rahul/.passenger/standalone/3.0.9-x86-ruby1.8.7-linux-gcc4.5.2-1002/support/lib/phusion_passenger/spawn_manager.rb:213:in `spawn_rails_application'
    /home/rahul/.passenger/standalone/3.0.9-x86-ruby1.8.7-linux-gcc4.5.2-1002/support/lib/phusion_passenger/spawn_manager.rb:132:in `spawn_application'
    /home/rahul/.passenger/standalone/3.0.9-x86-ruby1.8.7-linux-gcc4.5.2-1002/support/lib/phusion_passenger/spawn_manager.rb:275:in `handle_spawn_application'
    /home/rahul/.passenger/standalone/3.0.9-x86-ruby1.8.7-linux-gcc4.5.2-1002/support/lib/phusion_passenger/abstract_server.rb:357:in `__send__'
    /home/rahul/.passenger/standalone/3.0.9-x86-ruby1.8.7-linux-gcc4.5.2-1002/support/lib/phusion_passenger/abstract_server.rb:357:in `server_main_loop'
    /home/rahul/.passenger/standalone/3.0.9-x86-ruby1.8.7-linux-gcc4.5.2-1002/support/lib/phusion_passenger/abstract_server.rb:206:in `start_synchronously'
    /home/rahul/.passenger/standalone/3.0.9-x86-ruby1.8.7-linux-gcc4.5.2-1002/support/helper-scripts/passenger-spawn-server:99


Rendering /home/rahul/.rvm/gems/ree-1.8.7-2011.03@deep-hool/gems/actionpack-1.13.3/lib/action_controller/templates/rescues/layout.rhtml (404 Page Not Found)
DEPRECATION WARNING: model is deprecated and will be removed from Rails 2.0  See http://www.rubyonrails.org/deprecation for details. (called from /home/rahul/workspace/deep-hool/app/controllers/application.rb:12)
DEPRECATION WARNING: depend_on is deprecated and will be removed from Rails 2.0  See http://www.rubyonrails.org/deprecation for details. (called from model_without_deprecation at /home/rahul/.rvm/gems/ree-1.8.7-2011.03@deep-hool/gems/actionpack-1.13.3/lib/action_controller/deprecated_dependencies.rb:13)


Processing ApplicationController#index (for 127.0.0.1 at 2011-11-15 01:34:49) [GET]
  Session ID: 54ce7f3874db1f3758fc29e20b318dc6
  Parameters: {}


ActionController::RoutingError (no route found to match "/favicon.ico" with {:method=>:get}):
    /home/rahul/.rvm/gems/ree-1.8.7-2011.03@deep-hool/gems/actionpack-1.13.3/lib/action_controller/routing.rb:1292:in `recognize_path'
    /home/rahul/.rvm/gems/ree-1.8.7-2011.03@deep-hool/gems/actionpack-1.13.3/lib/action_controller/routing.rb:1282:in `recognize'
    /home/rahul/.rvm/gems/ree-1.8.7-2011.03@deep-hool/gems/rails-1.2.3/lib/dispatcher.rb:40:in `dispatch'
    /home/rahul/.passenger/standalone/3.0.9-x86-ruby1.8.7-linux-gcc4.5.2-1002/support/lib/phusion_passenger/classic_rails/request_handler.rb:51:in `process_request'
    /home/rahul/.passenger/standalone/3.0.9-x86-ruby1.8.7-linux-gcc4.5.2-1002/support/lib/phusion_passenger/abstract_request_handler.rb:513:in `accept_and_process_next_request'
    /home/rahul/.passenger/standalone/3.0.9-x86-ruby1.8.7-linux-gcc4.5.2-1002/support/lib/phusion_passenger/abstract_request_handler.rb:274:in `main_loop'
    /home/rahul/.passenger/standalone/3.0.9-x86-ruby1.8.7-linux-gcc4.5.2-1002/support/lib/phusion_passenger/classic_rails/application_spawner.rb:321:in `start_request_handler'
    /home/rahul/.passenger/standalone/3.0.9-x86-ruby1.8.7-linux-gcc4.5.2-1002/support/lib/phusion_passenger/classic_rails/application_spawner.rb:275:in `send'
    /home/rahul/.passenger/standalone/3.0.9-x86-ruby1.8.7-linux-gcc4.5.2-1002/support/lib/phusion_passenger/classic_rails/application_spawner.rb:275:in `handle_spawn_application'
    /home/rahul/.passenger/standalone/3.0.9-x86-ruby1.8.7-linux-gcc4.5.2-1002/support/lib/phusion_passenger/utils.rb:479:in `safe_fork'
    /home/rahul/.passenger/standalone/3.0.9-x86-ruby1.8.7-linux-gcc4.5.2-1002/support/lib/phusion_passenger/classic_rails/application_spawner.rb:270:in `handle_spawn_application'
    /home/rahul/.passenger/standalone/3.0.9-x86-ruby1.8.7-linux-gcc4.5.2-1002/support/lib/phusion_passenger/abstract_server.rb:357:in `__send__'
    /home/rahul/.passenger/standalone/3.0.9-x86-ruby1.8.7-linux-gcc4.5.2-1002/support/lib/phusion_passenger/abstract_server.rb:357:in `server_main_loop'
    /home/rahul/.passenger/standalone/3.0.9-x86-ruby1.8.7-linux-gcc4.5.2-1002/support/lib/phusion_passenger/abstract_server.rb:206:in `start_synchronously'
    /home/rahul/.passenger/standalone/3.0.9-x86-ruby1.8.7-linux-gcc4.5.2-1002/support/lib/phusion_passenger/abstract_server.rb:180:in `start'
    /home/rahul/.passenger/standalone/3.0.9-x86-ruby1.8.7-linux-gcc4.5.2-1002/support/lib/phusion_passenger/classic_rails/application_spawner.rb:149:in `start'
    /home/rahul/.passenger/standalone/3.0.9-x86-ruby1.8.7-linux-gcc4.5.2-1002/support/lib/phusion_passenger/spawn_manager.rb:219:in `spawn_rails_application'
    /home/rahul/.passenger/standalone/3.0.9-x86-ruby1.8.7-linux-gcc4.5.2-1002/support/lib/phusion_passenger/abstract_server_collection.rb:132:in `lookup_or_add'
    /home/rahul/.passenger/standalone/3.0.9-x86-ruby1.8.7-linux-gcc4.5.2-1002/support/lib/phusion_passenger/spawn_manager.rb:214:in `spawn_rails_application'
    /home/rahul/.passenger/standalone/3.0.9-x86-ruby1.8.7-linux-gcc4.5.2-1002/support/lib/phusion_passenger/abstract_server_collection.rb:82:in `synchronize'
    /home/rahul/.passenger/standalone/3.0.9-x86-ruby1.8.7-linux-gcc4.5.2-1002/support/lib/phusion_passenger/abstract_server_collection.rb:79:in `synchronize'
    /home/rahul/.passenger/standalone/3.0.9-x86-ruby1.8.7-linux-gcc4.5.2-1002/support/lib/phusion_passenger/spawn_manager.rb:213:in `spawn_rails_application'
    /home/rahul/.passenger/standalone/3.0.9-x86-ruby1.8.7-linux-gcc4.5.2-1002/support/lib/phusion_passenger/spawn_manager.rb:132:in `spawn_application'
    /home/rahul/.passenger/standalone/3.0.9-x86-ruby1.8.7-linux-gcc4.5.2-1002/support/lib/phusion_passenger/spawn_manager.rb:275:in `handle_spawn_application'
    /home/rahul/.passenger/standalone/3.0.9-x86-ruby1.8.7-linux-gcc4.5.2-1002/support/lib/phusion_passenger/abstract_server.rb:357:in `__send__'
    /home/rahul/.passenger/standalone/3.0.9-x86-ruby1.8.7-linux-gcc4.5.2-1002/support/lib/phusion_passenger/abstract_server.rb:357:in `server_main_loop'
    /home/rahul/.passenger/standalone/3.0.9-x86-ruby1.8.7-linux-gcc4.5.2-1002/support/lib/phusion_passenger/abstract_server.rb:206:in `start_synchronously'
    /home/rahul/.passenger/standalone/3.0.9-x86-ruby1.8.7-linux-gcc4.5.2-1002/support/helper-scripts/passenger-spawn-server:99


Rendering /home/rahul/.rvm/gems/ree-1.8.7-2011.03@deep-hool/gems/actionpack-1.13.3/lib/action_controller/templates/rescues/layout.rhtml (404 Page Not Found)
DEPRECATION WARNING: model is deprecated and will be removed from Rails 2.0  See http://www.rubyonrails.org/deprecation for details. (called from /home/rahul/workspace/deep-hool/app/controllers/application.rb:12)
DEPRECATION WARNING: depend_on is deprecated and will be removed from Rails 2.0  See http://www.rubyonrails.org/deprecation for details. (called from model_without_deprecation at /home/rahul/.rvm/gems/ree-1.8.7-2011.03@deep-hool/gems/actionpack-1.13.3/lib/action_controller/deprecated_dependencies.rb:13)
DEPRECATION WARNING: model is deprecated and will be removed from Rails 2.0  See http://www.rubyonrails.org/deprecation for details. (called from /home/rahul/workspace/deep-hool/app/controllers/account_controller.rb:2)
DEPRECATION WARNING: depend_on is deprecated and will be removed from Rails 2.0  See http://www.rubyonrails.org/deprecation for details. (called from model_without_deprecation at /home/rahul/.rvm/gems/ree-1.8.7-2011.03@deep-hool/gems/actionpack-1.13.3/lib/action_controller/deprecated_dependencies.rb:13)


Processing AccountController#login (for 127.0.0.1 at 2011-11-15 01:35:00) [GET]
  Session ID: 54ce7f3874db1f3758fc29e20b318dc6
  Parameters: {"action"=>"login", "controller"=>"account"}
DEPRECATION WARNING: @request is deprecated! Call request.method instead of @request.method. Args: []  See http://www.rubyonrails.org/deprecation for details. (called from login at /home/rahul/workspace/deep-hool/app/controllers/account_controller.rb:7)
Rendering account/login
DEPRECATION WARNING: start_form_tag is deprecated and will be removed from Rails 2.0 (use form_tag instead)  See http://www.rubyonrails.org/deprecation for details. (called from _run_rhtml_47app47views47account47login46rhtml at /home/rahul/workspace/deep-hool/app/views/account/login.rhtml:40)
DEPRECATION WARNING: end_form_tag is deprecated and will be removed from Rails 2.0  See http://www.rubyonrails.org/deprecation for details. (called from _run_rhtml_47app47views47account47login46rhtml at /home/rahul/workspace/deep-hool/app/views/account/login.rhtml:79)
Completed in 0.00716 (139 reqs/sec) | Rendering: 0.00567 (79%) | 200 OK [http://localhost/account/login]
/!\ FAILSAFE /!\  Tue Nov 22 00:43:14 +0530 2011
  Status: 500 Internal Server Error
  no such file to load -- mysql
    /usr/lib/ruby/1.8/rubygems/custom_require.rb:31:in `gem_original_require'
    /usr/lib/ruby/1.8/rubygems/custom_require.rb:31:in `require'
    /home/rahul/workspace/deep-hool/vendor/rails/activesupport/lib/active_support/dependencies.rb:156:in `require'
    /home/rahul/workspace/deep-hool/vendor/rails/activesupport/lib/active_support/dependencies.rb:521:in `new_constants_in'
    /home/rahul/workspace/deep-hool/vendor/rails/activesupport/lib/active_support/dependencies.rb:156:in `require'
    /home/rahul/workspace/deep-hool/vendor/rails/activesupport/lib/active_support/core_ext/kernel/requires.rb:7:in `require_library_or_gem'
    /home/rahul/workspace/deep-hool/vendor/rails/activesupport/lib/active_support/core_ext/kernel/reporting.rb:11:in `silence_warnings'
    /home/rahul/workspace/deep-hool/vendor/rails/activesupport/lib/active_support/core_ext/kernel/requires.rb:5:in `require_library_or_gem'
    /home/rahul/workspace/deep-hool/vendor/rails/activerecord/lib/active_record/connection_adapters/mysql_adapter.rb:61:in `mysql_connection'
    /home/rahul/workspace/deep-hool/vendor/rails/activerecord/lib/active_record/connection_adapters/abstract/connection_pool.rb:223:in `send'
    /home/rahul/workspace/deep-hool/vendor/rails/activerecord/lib/active_record/connection_adapters/abstract/connection_pool.rb:223:in `new_connection'
    /home/rahul/workspace/deep-hool/vendor/rails/activerecord/lib/active_record/connection_adapters/abstract/connection_pool.rb:245:in `checkout_new_connection'
    /home/rahul/workspace/deep-hool/vendor/rails/activerecord/lib/active_record/connection_adapters/abstract/connection_pool.rb:188:in `checkout'
    /home/rahul/workspace/deep-hool/vendor/rails/activerecord/lib/active_record/connection_adapters/abstract/connection_pool.rb:184:in `loop'
    /home/rahul/workspace/deep-hool/vendor/rails/activerecord/lib/active_record/connection_adapters/abstract/connection_pool.rb:184:in `checkout'
    /usr/lib/ruby/1.8/monitor.rb:242:in `synchronize'
    /home/rahul/workspace/deep-hool/vendor/rails/activerecord/lib/active_record/connection_adapters/abstract/connection_pool.rb:183:in `checkout'
    /home/rahul/workspace/deep-hool/vendor/rails/activerecord/lib/active_record/connection_adapters/abstract/connection_pool.rb:98:in `connection'
    /home/rahul/workspace/deep-hool/vendor/rails/activerecord/lib/active_record/connection_adapters/abstract/connection_pool.rb:326:in `retrieve_connection'
    /home/rahul/workspace/deep-hool/vendor/rails/activerecord/lib/active_record/connection_adapters/abstract/connection_specification.rb:123:in `retrieve_connection'
    /home/rahul/workspace/deep-hool/vendor/rails/activerecord/lib/active_record/connection_adapters/abstract/connection_specification.rb:115:in `connection'
    /home/rahul/workspace/deep-hool/vendor/rails/activerecord/lib/active_record/query_cache.rb:9:in `cache'
    /home/rahul/workspace/deep-hool/vendor/rails/activerecord/lib/active_record/query_cache.rb:28:in `call'
    /home/rahul/workspace/deep-hool/vendor/rails/activerecord/lib/active_record/connection_adapters/abstract/connection_pool.rb:361:in `call'
    /home/rahul/workspace/deep-hool/vendor/rails/actionpack/lib/action_controller/string_coercion.rb:25:in `call'
    /home/rahul/.rvm/gems/ree-1.8.7-2011.03@deep-hool/gems/rack-1.0.1/lib/rack/head.rb:9:in `call'
    /home/rahul/.rvm/gems/ree-1.8.7-2011.03@deep-hool/gems/rack-1.0.1/lib/rack/methodoverride.rb:24:in `call'
    /home/rahul/workspace/deep-hool/vendor/rails/actionpack/lib/action_controller/params_parser.rb:15:in `call'
    /home/rahul/workspace/deep-hool/vendor/rails/actionpack/lib/action_controller/session/cookie_store.rb:93:in `call'
    /home/rahul/workspace/deep-hool/vendor/rails/actionpack/lib/action_controller/failsafe.rb:26:in `call'
    /home/rahul/.rvm/gems/ree-1.8.7-2011.03@deep-hool/gems/rack-1.0.1/lib/rack/lock.rb:11:in `call'
    /home/rahul/.rvm/gems/ree-1.8.7-2011.03@deep-hool/gems/rack-1.0.1/lib/rack/lock.rb:11:in `synchronize'
    /home/rahul/.rvm/gems/ree-1.8.7-2011.03@deep-hool/gems/rack-1.0.1/lib/rack/lock.rb:11:in `call'
    /home/rahul/workspace/deep-hool/vendor/rails/actionpack/lib/action_controller/dispatcher.rb:114:in `call'
    /home/rahul/workspace/deep-hool/vendor/rails/actionpack/lib/action_controller/reloader.rb:34:in `run'
    /home/rahul/workspace/deep-hool/vendor/rails/actionpack/lib/action_controller/dispatcher.rb:108:in `call'
    /home/rahul/workspace/deep-hool/vendor/rails/railties/lib/rails/rack/static.rb:31:in `call'
    /home/rahul/.rvm/gems/ree-1.8.7-2011.03@deep-hool/gems/rack-1.0.1/lib/rack/urlmap.rb:46:in `call'
    /home/rahul/.rvm/gems/ree-1.8.7-2011.03@deep-hool/gems/rack-1.0.1/lib/rack/urlmap.rb:40:in `each'
    /home/rahul/.rvm/gems/ree-1.8.7-2011.03@deep-hool/gems/rack-1.0.1/lib/rack/urlmap.rb:40:in `call'
    /home/rahul/workspace/deep-hool/vendor/rails/railties/lib/rails/rack/log_tailer.rb:17:in `call'
    /home/rahul/.rvm/gems/ree-1.8.7-2011.03@deep-hool/gems/rack-1.0.1/lib/rack/content_length.rb:13:in `call'
    /home/rahul/.rvm/gems/ree-1.8.7-2011.03@deep-hool/gems/rack-1.0.1/lib/rack/handler/webrick.rb:50:in `service'
    /usr/lib/ruby/1.8/webrick/httpserver.rb:104:in `service'
    /usr/lib/ruby/1.8/webrick/httpserver.rb:65:in `run'
    /usr/lib/ruby/1.8/webrick/server.rb:173:in `start_thread'
    /usr/lib/ruby/1.8/webrick/server.rb:162:in `start'
    /usr/lib/ruby/1.8/webrick/server.rb:162:in `start_thread'
    /usr/lib/ruby/1.8/webrick/server.rb:95:in `start'
    /usr/lib/ruby/1.8/webrick/server.rb:92:in `each'
    /usr/lib/ruby/1.8/webrick/server.rb:92:in `start'
    /usr/lib/ruby/1.8/webrick/server.rb:23:in `start'
    /usr/lib/ruby/1.8/webrick/server.rb:82:in `start'
    /home/rahul/.rvm/gems/ree-1.8.7-2011.03@deep-hool/gems/rack-1.0.1/lib/rack/handler/webrick.rb:14:in `run'
    /home/rahul/workspace/deep-hool/vendor/rails/railties/lib/commands/server.rb:111
    /usr/lib/ruby/1.8/rubygems/custom_require.rb:31:in `gem_original_require'
    /usr/lib/ruby/1.8/rubygems/custom_require.rb:31:in `require'
    script/server:3
  [4;36;1mSQL (2.5ms)[0m   [0;1mSET SQL_AUTO_IS_NULL=0[0m


Processing ActionController::Base#index (for 127.0.0.1 at 2011-11-22 00:46:14) [GET]

ActionController::RoutingError (No route matches "/" with {:method=>:get}):
  /usr/lib/ruby/1.8/webrick/httpserver.rb:104:in `service'
  /usr/lib/ruby/1.8/webrick/httpserver.rb:65:in `run'
  /usr/lib/ruby/1.8/webrick/server.rb:173:in `start_thread'
  /usr/lib/ruby/1.8/webrick/server.rb:162:in `start'
  /usr/lib/ruby/1.8/webrick/server.rb:162:in `start_thread'
  /usr/lib/ruby/1.8/webrick/server.rb:95:in `start'
  /usr/lib/ruby/1.8/webrick/server.rb:92:in `each'
  /usr/lib/ruby/1.8/webrick/server.rb:92:in `start'
  /usr/lib/ruby/1.8/webrick/server.rb:23:in `start'
  /usr/lib/ruby/1.8/webrick/server.rb:82:in `start'

Rendering rescues/layout (not_found)
  [4;35;1mSQL (0.2ms)[0m   [0mSET SQL_AUTO_IS_NULL=0[0m


Processing ActionController::Base#login (for 127.0.0.1 at 2011-11-22 00:46:21) [GET]

NoMethodError (undefined method `model' for ApplicationController:Class):
  app/controllers/application_controller.rb:12
  app/controllers/account_controller.rb:1
  /usr/lib/ruby/1.8/webrick/httpserver.rb:104:in `service'
  /usr/lib/ruby/1.8/webrick/httpserver.rb:65:in `run'
  /usr/lib/ruby/1.8/webrick/server.rb:173:in `start_thread'
  /usr/lib/ruby/1.8/webrick/server.rb:162:in `start'
  /usr/lib/ruby/1.8/webrick/server.rb:162:in `start_thread'
  /usr/lib/ruby/1.8/webrick/server.rb:95:in `start'
  /usr/lib/ruby/1.8/webrick/server.rb:92:in `each'
  /usr/lib/ruby/1.8/webrick/server.rb:92:in `start'
  /usr/lib/ruby/1.8/webrick/server.rb:23:in `start'
  /usr/lib/ruby/1.8/webrick/server.rb:82:in `start'

Rendered rescues/_trace (105.9ms)
Rendered rescues/_request_and_response (1.9ms)
Rendering rescues/layout (internal_server_error)
  [4;36;1mSQL (0.1ms)[0m   [0;1mSET SQL_AUTO_IS_NULL=0[0m
DEPRECATION WARNING: Disabling sessions for a single controller has been deprecated. Sessions are now lazy loaded. So if you don't access them, consider them off. You can still modify the session cookie options with request.session_options.. (called from /home/rahul/workspace/deep-hool/app/controllers/application_controller.rb:15)


Processing ApplicationController#login (for 127.0.0.1 at 2011-11-22 00:47:39) [GET]

NoMethodError (undefined method `model' for AccountController:Class):
  app/controllers/account_controller.rb:2
  /usr/lib/ruby/1.8/webrick/httpserver.rb:104:in `service'
  /usr/lib/ruby/1.8/webrick/httpserver.rb:65:in `run'
  /usr/lib/ruby/1.8/webrick/server.rb:173:in `start_thread'
  /usr/lib/ruby/1.8/webrick/server.rb:162:in `start'
  /usr/lib/ruby/1.8/webrick/server.rb:162:in `start_thread'
  /usr/lib/ruby/1.8/webrick/server.rb:95:in `start'
  /usr/lib/ruby/1.8/webrick/server.rb:92:in `each'
  /usr/lib/ruby/1.8/webrick/server.rb:92:in `start'
  /usr/lib/ruby/1.8/webrick/server.rb:23:in `start'
  /usr/lib/ruby/1.8/webrick/server.rb:82:in `start'

Rendered rescues/_trace (43.5ms)
Rendered rescues/_request_and_response (0.4ms)
Rendering rescues/layout (internal_server_error)
  [4;35;1mSQL (0.1ms)[0m   [0mSET SQL_AUTO_IS_NULL=0[0m
DEPRECATION WARNING: Disabling sessions for a single controller has been deprecated. Sessions are now lazy loaded. So if you don't access them, consider them off. You can still modify the session cookie options with request.session_options.. (called from /home/rahul/workspace/deep-hool/app/controllers/application_controller.rb:15)


Processing ApplicationController#login (for 127.0.0.1 at 2011-11-22 00:47:44) [GET]

NoMethodError (undefined method `model' for AccountController:Class):
  app/controllers/account_controller.rb:2
  /usr/lib/ruby/1.8/webrick/httpserver.rb:104:in `service'
  /usr/lib/ruby/1.8/webrick/httpserver.rb:65:in `run'
  /usr/lib/ruby/1.8/webrick/server.rb:173:in `start_thread'
  /usr/lib/ruby/1.8/webrick/server.rb:162:in `start'
  /usr/lib/ruby/1.8/webrick/server.rb:162:in `start_thread'
  /usr/lib/ruby/1.8/webrick/server.rb:95:in `start'
  /usr/lib/ruby/1.8/webrick/server.rb:92:in `each'
  /usr/lib/ruby/1.8/webrick/server.rb:92:in `start'
  /usr/lib/ruby/1.8/webrick/server.rb:23:in `start'
  /usr/lib/ruby/1.8/webrick/server.rb:82:in `start'

Rendered rescues/_trace (35.3ms)
Rendered rescues/_request_and_response (0.4ms)
Rendering rescues/layout (internal_server_error)
  [4;36;1mSQL (0.2ms)[0m   [0;1mSET SQL_AUTO_IS_NULL=0[0m
DEPRECATION WARNING: Disabling sessions for a single controller has been deprecated. Sessions are now lazy loaded. So if you don't access them, consider them off. You can still modify the session cookie options with request.session_options.. (called from /home/rahul/workspace/deep-hool/app/controllers/application_controller.rb:15)


Processing ApplicationController#index (for 127.0.0.1 at 2011-11-24 08:46:31) [GET]

ActionController::RoutingError (No route matches "/" with {:method=>:get}):
  /home/rahul/.passenger/standalone/3.0.9-x86-ruby1.8.7-linux-gcc4.5.2-1002/support/lib/phusion_passenger/rack/request_handler.rb:96:in `process_request'
  /home/rahul/.passenger/standalone/3.0.9-x86-ruby1.8.7-linux-gcc4.5.2-1002/support/lib/phusion_passenger/abstract_request_handler.rb:513:in `accept_and_process_next_request'
  /home/rahul/.passenger/standalone/3.0.9-x86-ruby1.8.7-linux-gcc4.5.2-1002/support/lib/phusion_passenger/abstract_request_handler.rb:274:in `main_loop'
  /home/rahul/.passenger/standalone/3.0.9-x86-ruby1.8.7-linux-gcc4.5.2-1002/support/lib/phusion_passenger/classic_rails/application_spawner.rb:321:in `start_request_handler'
  /home/rahul/.passenger/standalone/3.0.9-x86-ruby1.8.7-linux-gcc4.5.2-1002/support/lib/phusion_passenger/classic_rails/application_spawner.rb:275:in `send'
  /home/rahul/.passenger/standalone/3.0.9-x86-ruby1.8.7-linux-gcc4.5.2-1002/support/lib/phusion_passenger/classic_rails/application_spawner.rb:275:in `handle_spawn_application'
  /home/rahul/.passenger/standalone/3.0.9-x86-ruby1.8.7-linux-gcc4.5.2-1002/support/lib/phusion_passenger/utils.rb:479:in `safe_fork'
  /home/rahul/.passenger/standalone/3.0.9-x86-ruby1.8.7-linux-gcc4.5.2-1002/support/lib/phusion_passenger/classic_rails/application_spawner.rb:270:in `handle_spawn_application'
  /home/rahul/.passenger/standalone/3.0.9-x86-ruby1.8.7-linux-gcc4.5.2-1002/support/lib/phusion_passenger/abstract_server.rb:357:in `__send__'
  /home/rahul/.passenger/standalone/3.0.9-x86-ruby1.8.7-linux-gcc4.5.2-1002/support/lib/phusion_passenger/abstract_server.rb:357:in `server_main_loop'
  /home/rahul/.passenger/standalone/3.0.9-x86-ruby1.8.7-linux-gcc4.5.2-1002/support/lib/phusion_passenger/abstract_server.rb:206:in `start_synchronously'
  /home/rahul/.passenger/standalone/3.0.9-x86-ruby1.8.7-linux-gcc4.5.2-1002/support/lib/phusion_passenger/abstract_server.rb:180:in `start'
  /home/rahul/.passenger/standalone/3.0.9-x86-ruby1.8.7-linux-gcc4.5.2-1002/support/lib/phusion_passenger/classic_rails/application_spawner.rb:149:in `start'
  /home/rahul/.passenger/standalone/3.0.9-x86-ruby1.8.7-linux-gcc4.5.2-1002/support/lib/phusion_passenger/spawn_manager.rb:219:in `spawn_rails_application'
  /home/rahul/.passenger/standalone/3.0.9-x86-ruby1.8.7-linux-gcc4.5.2-1002/support/lib/phusion_passenger/abstract_server_collection.rb:132:in `lookup_or_add'
  /home/rahul/.passenger/standalone/3.0.9-x86-ruby1.8.7-linux-gcc4.5.2-1002/support/lib/phusion_passenger/spawn_manager.rb:214:in `spawn_rails_application'
  /home/rahul/.passenger/standalone/3.0.9-x86-ruby1.8.7-linux-gcc4.5.2-1002/support/lib/phusion_passenger/abstract_server_collection.rb:82:in `synchronize'
  /home/rahul/.passenger/standalone/3.0.9-x86-ruby1.8.7-linux-gcc4.5.2-1002/support/lib/phusion_passenger/abstract_server_collection.rb:79:in `synchronize'
  /home/rahul/.passenger/standalone/3.0.9-x86-ruby1.8.7-linux-gcc4.5.2-1002/support/lib/phusion_passenger/spawn_manager.rb:213:in `spawn_rails_application'
  /home/rahul/.passenger/standalone/3.0.9-x86-ruby1.8.7-linux-gcc4.5.2-1002/support/lib/phusion_passenger/spawn_manager.rb:132:in `spawn_application'
  /home/rahul/.passenger/standalone/3.0.9-x86-ruby1.8.7-linux-gcc4.5.2-1002/support/lib/phusion_passenger/spawn_manager.rb:275:in `handle_spawn_application'
  /home/rahul/.passenger/standalone/3.0.9-x86-ruby1.8.7-linux-gcc4.5.2-1002/support/lib/phusion_passenger/abstract_server.rb:357:in `__send__'
  /home/rahul/.passenger/standalone/3.0.9-x86-ruby1.8.7-linux-gcc4.5.2-1002/support/lib/phusion_passenger/abstract_server.rb:357:in `server_main_loop'
  /home/rahul/.passenger/standalone/3.0.9-x86-ruby1.8.7-linux-gcc4.5.2-1002/support/lib/phusion_passenger/abstract_server.rb:206:in `start_synchronously'
  /home/rahul/.passenger/standalone/3.0.9-x86-ruby1.8.7-linux-gcc4.5.2-1002/support/helper-scripts/passenger-spawn-server:99

Rendering rescues/layout (not_found)
  [4;36;1mSQL (0.2ms)[0m   [0;1mSET SQL_AUTO_IS_NULL=0[0m
DEPRECATION WARNING: Disabling sessions for a single controller has been deprecated. Sessions are now lazy loaded. So if you don't access them, consider them off. You can still modify the session cookie options with request.session_options.. (called from /home/rahul/workspace/deep-hool/app/controllers/application_controller.rb:15)


Processing ApplicationController#index (for 127.0.0.1 at 2011-11-24 08:47:50) [GET]

ActionController::RoutingError (No route matches "/" with {:method=>:get}):
  /usr/lib/ruby/1.8/webrick/httpserver.rb:104:in `service'
  /usr/lib/ruby/1.8/webrick/httpserver.rb:65:in `run'
  /usr/lib/ruby/1.8/webrick/server.rb:173:in `start_thread'
  /usr/lib/ruby/1.8/webrick/server.rb:162:in `start'
  /usr/lib/ruby/1.8/webrick/server.rb:162:in `start_thread'
  /usr/lib/ruby/1.8/webrick/server.rb:95:in `start'
  /usr/lib/ruby/1.8/webrick/server.rb:92:in `each'
  /usr/lib/ruby/1.8/webrick/server.rb:92:in `start'
  /usr/lib/ruby/1.8/webrick/server.rb:23:in `start'
  /usr/lib/ruby/1.8/webrick/server.rb:82:in `start'

Rendering rescues/layout (not_found)
  [4;35;1mSQL (0.1ms)[0m   [0mSET SQL_AUTO_IS_NULL=0[0m
DEPRECATION WARNING: Disabling sessions for a single controller has been deprecated. Sessions are now lazy loaded. So if you don't access them, consider them off. You can still modify the session cookie options with request.session_options.. (called from /home/rahul/workspace/deep-hool/app/controllers/application_controller.rb:15)


Processing ApplicationController#login (for 127.0.0.1 at 2011-11-24 08:47:56) [GET]

NoMethodError (undefined method `model' for AccountController:Class):
  app/controllers/account_controller.rb:2
  /usr/lib/ruby/1.8/webrick/httpserver.rb:104:in `service'
  /usr/lib/ruby/1.8/webrick/httpserver.rb:65:in `run'
  /usr/lib/ruby/1.8/webrick/server.rb:173:in `start_thread'
  /usr/lib/ruby/1.8/webrick/server.rb:162:in `start'
  /usr/lib/ruby/1.8/webrick/server.rb:162:in `start_thread'
  /usr/lib/ruby/1.8/webrick/server.rb:95:in `start'
  /usr/lib/ruby/1.8/webrick/server.rb:92:in `each'
  /usr/lib/ruby/1.8/webrick/server.rb:92:in `start'
  /usr/lib/ruby/1.8/webrick/server.rb:23:in `start'
  /usr/lib/ruby/1.8/webrick/server.rb:82:in `start'

Rendered rescues/_trace (36.2ms)
Rendered rescues/_request_and_response (47.9ms)
Rendering rescues/layout (internal_server_error)
  [4;36;1mSQL (0.2ms)[0m   [0;1mSET SQL_AUTO_IS_NULL=0[0m
DEPRECATION WARNING: Disabling sessions for a single controller has been deprecated. Sessions are now lazy loaded. So if you don't access them, consider them off. You can still modify the session cookie options with request.session_options.. (called from /home/rahul/workspace/deep-hool/app/controllers/application_controller.rb:15)


Processing AccountController#login (for 127.0.0.1 at 2011-11-24 08:48:56) [GET]

ArgumentError (wrong number of arguments (0 for 1)):
  app/controllers/account_controller.rb:7:in `method'
  app/controllers/account_controller.rb:7:in `login'
  /usr/lib/ruby/1.8/webrick/httpserver.rb:104:in `service'
  /usr/lib/ruby/1.8/webrick/httpserver.rb:65:in `run'
  /usr/lib/ruby/1.8/webrick/server.rb:173:in `start_thread'
  /usr/lib/ruby/1.8/webrick/server.rb:162:in `start'
  /usr/lib/ruby/1.8/webrick/server.rb:162:in `start_thread'
  /usr/lib/ruby/1.8/webrick/server.rb:95:in `start'
  /usr/lib/ruby/1.8/webrick/server.rb:92:in `each'
  /usr/lib/ruby/1.8/webrick/server.rb:92:in `start'
  /usr/lib/ruby/1.8/webrick/server.rb:23:in `start'
  /usr/lib/ruby/1.8/webrick/server.rb:82:in `start'

Rendered rescues/_trace (37.8ms)
Rendered rescues/_request_and_response (0.4ms)
Rendering rescues/layout (internal_server_error)
  [4;35;1mSQL (0.1ms)[0m   [0mSET SQL_AUTO_IS_NULL=0[0m
DEPRECATION WARNING: Disabling sessions for a single controller has been deprecated. Sessions are now lazy loaded. So if you don't access them, consider them off. You can still modify the session cookie options with request.session_options.. (called from /home/rahul/workspace/deep-hool/app/controllers/application_controller.rb:15)


Processing AccountController#login (for 127.0.0.1 at 2011-11-24 08:50:53) [GET]

ArgumentError (wrong number of arguments (0 for 1)):
  app/controllers/account_controller.rb:5:in `method'
  app/controllers/account_controller.rb:5:in `login'
  /usr/lib/ruby/1.8/webrick/httpserver.rb:104:in `service'
  /usr/lib/ruby/1.8/webrick/httpserver.rb:65:in `run'
  /usr/lib/ruby/1.8/webrick/server.rb:173:in `start_thread'
  /usr/lib/ruby/1.8/webrick/server.rb:162:in `start'
  /usr/lib/ruby/1.8/webrick/server.rb:162:in `start_thread'
  /usr/lib/ruby/1.8/webrick/server.rb:95:in `start'
  /usr/lib/ruby/1.8/webrick/server.rb:92:in `each'
  /usr/lib/ruby/1.8/webrick/server.rb:92:in `start'
  /usr/lib/ruby/1.8/webrick/server.rb:23:in `start'
  /usr/lib/ruby/1.8/webrick/server.rb:82:in `start'

Rendered rescues/_trace (33.7ms)
Rendered rescues/_request_and_response (0.3ms)
Rendering rescues/layout (internal_server_error)
  [4;36;1mSQL (0.1ms)[0m   [0;1mSET SQL_AUTO_IS_NULL=0[0m
DEPRECATION WARNING: Disabling sessions for a single controller has been deprecated. Sessions are now lazy loaded. So if you don't access them, consider them off. You can still modify the session cookie options with request.session_options.. (called from /home/rahul/workspace/deep-hool/app/controllers/application_controller.rb:15)


Processing AccountController#login (for 127.0.0.1 at 2011-11-24 08:54:48) [GET]

ArgumentError (wrong number of arguments (0 for 1)):
  app/controllers/account_controller.rb:5:in `method'
  app/controllers/account_controller.rb:5:in `login'
  /usr/lib/ruby/1.8/webrick/httpserver.rb:104:in `service'
  /usr/lib/ruby/1.8/webrick/httpserver.rb:65:in `run'
  /usr/lib/ruby/1.8/webrick/server.rb:173:in `start_thread'
  /usr/lib/ruby/1.8/webrick/server.rb:162:in `start'
  /usr/lib/ruby/1.8/webrick/server.rb:162:in `start_thread'
  /usr/lib/ruby/1.8/webrick/server.rb:95:in `start'
  /usr/lib/ruby/1.8/webrick/server.rb:92:in `each'
  /usr/lib/ruby/1.8/webrick/server.rb:92:in `start'
  /usr/lib/ruby/1.8/webrick/server.rb:23:in `start'
  /usr/lib/ruby/1.8/webrick/server.rb:82:in `start'

Rendered rescues/_trace (35.2ms)
Rendered rescues/_request_and_response (0.3ms)
Rendering rescues/layout (internal_server_error)
  [4;36;1mSQL (23.0ms)[0m   [0;1mSET SQL_AUTO_IS_NULL=0[0m
DEPRECATION WARNING: Disabling sessions for a single controller has been deprecated. Sessions are now lazy loaded. So if you don't access them, consider them off. You can still modify the session cookie options with request.session_options.. (called from /home/rahul/workspace/deep-hool/app/controllers/application_controller.rb:15)


Processing ApplicationController#index (for 127.0.0.1 at 2011-11-26 01:32:49) [GET]

ActionController::RoutingError (No route matches "/" with {:method=>:get}):
  /usr/lib/ruby/1.8/webrick/httpserver.rb:104:in `service'
  /usr/lib/ruby/1.8/webrick/httpserver.rb:65:in `run'
  /usr/lib/ruby/1.8/webrick/server.rb:173:in `start_thread'
  /usr/lib/ruby/1.8/webrick/server.rb:162:in `start'
  /usr/lib/ruby/1.8/webrick/server.rb:162:in `start_thread'
  /usr/lib/ruby/1.8/webrick/server.rb:95:in `start'
  /usr/lib/ruby/1.8/webrick/server.rb:92:in `each'
  /usr/lib/ruby/1.8/webrick/server.rb:92:in `start'
  /usr/lib/ruby/1.8/webrick/server.rb:23:in `start'
  /usr/lib/ruby/1.8/webrick/server.rb:82:in `start'

Rendering rescues/layout (not_found)
  [4;35;1mSQL (0.1ms)[0m   [0mSET SQL_AUTO_IS_NULL=0[0m
DEPRECATION WARNING: Disabling sessions for a single controller has been deprecated. Sessions are now lazy loaded. So if you don't access them, consider them off. You can still modify the session cookie options with request.session_options.. (called from /home/rahul/workspace/deep-hool/app/controllers/application_controller.rb:15)


Processing ApplicationController#index (for 127.0.0.1 at 2011-11-26 01:32:49) [GET]

ActionController::RoutingError (No route matches "/favicon.ico" with {:method=>:get}):
  /usr/lib/ruby/1.8/webrick/httpserver.rb:104:in `service'
  /usr/lib/ruby/1.8/webrick/httpserver.rb:65:in `run'
  /usr/lib/ruby/1.8/webrick/server.rb:173:in `start_thread'
  /usr/lib/ruby/1.8/webrick/server.rb:162:in `start'
  /usr/lib/ruby/1.8/webrick/server.rb:162:in `start_thread'
  /usr/lib/ruby/1.8/webrick/server.rb:95:in `start'
  /usr/lib/ruby/1.8/webrick/server.rb:92:in `each'
  /usr/lib/ruby/1.8/webrick/server.rb:92:in `start'
  /usr/lib/ruby/1.8/webrick/server.rb:23:in `start'
  /usr/lib/ruby/1.8/webrick/server.rb:82:in `start'

Rendering rescues/layout (not_found)
  [4;36;1mSQL (0.1ms)[0m   [0;1mSET SQL_AUTO_IS_NULL=0[0m
DEPRECATION WARNING: Disabling sessions for a single controller has been deprecated. Sessions are now lazy loaded. So if you don't access them, consider them off. You can still modify the session cookie options with request.session_options.. (called from /home/rahul/workspace/deep-hool/app/controllers/application_controller.rb:15)


Processing ApplicationController#index (for 127.0.0.1 at 2011-11-26 01:32:49) [GET]

ActionController::RoutingError (No route matches "/favicon.ico" with {:method=>:get}):
  /usr/lib/ruby/1.8/webrick/httpserver.rb:104:in `service'
  /usr/lib/ruby/1.8/webrick/httpserver.rb:65:in `run'
  /usr/lib/ruby/1.8/webrick/server.rb:173:in `start_thread'
  /usr/lib/ruby/1.8/webrick/server.rb:162:in `start'
  /usr/lib/ruby/1.8/webrick/server.rb:162:in `start_thread'
  /usr/lib/ruby/1.8/webrick/server.rb:95:in `start'
  /usr/lib/ruby/1.8/webrick/server.rb:92:in `each'
  /usr/lib/ruby/1.8/webrick/server.rb:92:in `start'
  /usr/lib/ruby/1.8/webrick/server.rb:23:in `start'
  /usr/lib/ruby/1.8/webrick/server.rb:82:in `start'

Rendering rescues/layout (not_found)
  [4;35;1mSQL (0.1ms)[0m   [0mSET SQL_AUTO_IS_NULL=0[0m
DEPRECATION WARNING: Disabling sessions for a single controller has been deprecated. Sessions are now lazy loaded. So if you don't access them, consider them off. You can still modify the session cookie options with request.session_options.. (called from /home/rahul/workspace/deep-hool/app/controllers/application_controller.rb:15)


Processing AccountController#login (for 127.0.0.1 at 2011-11-26 01:32:57) [GET]

ArgumentError (wrong number of arguments (0 for 1)):
  app/controllers/account_controller.rb:5:in `method'
  app/controllers/account_controller.rb:5:in `login'
  /usr/lib/ruby/1.8/webrick/httpserver.rb:104:in `service'
  /usr/lib/ruby/1.8/webrick/httpserver.rb:65:in `run'
  /usr/lib/ruby/1.8/webrick/server.rb:173:in `start_thread'
  /usr/lib/ruby/1.8/webrick/server.rb:162:in `start'
  /usr/lib/ruby/1.8/webrick/server.rb:162:in `start_thread'
  /usr/lib/ruby/1.8/webrick/server.rb:95:in `start'
  /usr/lib/ruby/1.8/webrick/server.rb:92:in `each'
  /usr/lib/ruby/1.8/webrick/server.rb:92:in `start'
  /usr/lib/ruby/1.8/webrick/server.rb:23:in `start'
  /usr/lib/ruby/1.8/webrick/server.rb:82:in `start'

Rendered rescues/_trace (92.5ms)
Rendered rescues/_request_and_response (1.7ms)
Rendering rescues/layout (internal_server_error)
  [4;36;1mSQL (28.9ms)[0m   [0;1mSET SQL_AUTO_IS_NULL=0[0m
DEPRECATION WARNING: Disabling sessions for a single controller has been deprecated. Sessions are now lazy loaded. So if you don't access them, consider them off. You can still modify the session cookie options with request.session_options.. (called from /home/rahul/workspace/deep-hool/app/controllers/application_controller.rb:15)


Processing ApplicationController#index (for 127.0.0.1 at 2011-11-26 20:11:40) [GET]

ActionController::RoutingError (No route matches "/" with {:method=>:get}):
  /usr/lib/ruby/1.8/webrick/httpserver.rb:104:in `service'
  /usr/lib/ruby/1.8/webrick/httpserver.rb:65:in `run'
  /usr/lib/ruby/1.8/webrick/server.rb:173:in `start_thread'
  /usr/lib/ruby/1.8/webrick/server.rb:162:in `start'
  /usr/lib/ruby/1.8/webrick/server.rb:162:in `start_thread'
  /usr/lib/ruby/1.8/webrick/server.rb:95:in `start'
  /usr/lib/ruby/1.8/webrick/server.rb:92:in `each'
  /usr/lib/ruby/1.8/webrick/server.rb:92:in `start'
  /usr/lib/ruby/1.8/webrick/server.rb:23:in `start'
  /usr/lib/ruby/1.8/webrick/server.rb:82:in `start'

Rendering rescues/layout (not_found)
  [4;35;1mSQL (0.1ms)[0m   [0mSET SQL_AUTO_IS_NULL=0[0m
DEPRECATION WARNING: Disabling sessions for a single controller has been deprecated. Sessions are now lazy loaded. So if you don't access them, consider them off. You can still modify the session cookie options with request.session_options.. (called from /home/rahul/workspace/deep-hool/app/controllers/application_controller.rb:15)


Processing ApplicationController#index (for 127.0.0.1 at 2011-11-26 20:11:40) [GET]

ActionController::RoutingError (No route matches "/favicon.ico" with {:method=>:get}):
  /usr/lib/ruby/1.8/webrick/httpserver.rb:104:in `service'
  /usr/lib/ruby/1.8/webrick/httpserver.rb:65:in `run'
  /usr/lib/ruby/1.8/webrick/server.rb:173:in `start_thread'
  /usr/lib/ruby/1.8/webrick/server.rb:162:in `start'
  /usr/lib/ruby/1.8/webrick/server.rb:162:in `start_thread'
  /usr/lib/ruby/1.8/webrick/server.rb:95:in `start'
  /usr/lib/ruby/1.8/webrick/server.rb:92:in `each'
  /usr/lib/ruby/1.8/webrick/server.rb:92:in `start'
  /usr/lib/ruby/1.8/webrick/server.rb:23:in `start'
  /usr/lib/ruby/1.8/webrick/server.rb:82:in `start'

Rendering rescues/layout (not_found)
  [4;36;1mSQL (0.1ms)[0m   [0;1mSET SQL_AUTO_IS_NULL=0[0m
DEPRECATION WARNING: Disabling sessions for a single controller has been deprecated. Sessions are now lazy loaded. So if you don't access them, consider them off. You can still modify the session cookie options with request.session_options.. (called from /home/rahul/workspace/deep-hool/app/controllers/application_controller.rb:15)


Processing ApplicationController#index (for 127.0.0.1 at 2011-11-26 20:11:40) [GET]

ActionController::RoutingError (No route matches "/favicon.ico" with {:method=>:get}):
  /usr/lib/ruby/1.8/webrick/httpserver.rb:104:in `service'
  /usr/lib/ruby/1.8/webrick/httpserver.rb:65:in `run'
  /usr/lib/ruby/1.8/webrick/server.rb:173:in `start_thread'
  /usr/lib/ruby/1.8/webrick/server.rb:162:in `start'
  /usr/lib/ruby/1.8/webrick/server.rb:162:in `start_thread'
  /usr/lib/ruby/1.8/webrick/server.rb:95:in `start'
  /usr/lib/ruby/1.8/webrick/server.rb:92:in `each'
  /usr/lib/ruby/1.8/webrick/server.rb:92:in `start'
  /usr/lib/ruby/1.8/webrick/server.rb:23:in `start'
  /usr/lib/ruby/1.8/webrick/server.rb:82:in `start'

Rendering rescues/layout (not_found)
  [4;35;1mSQL (0.1ms)[0m   [0mSET SQL_AUTO_IS_NULL=0[0m
DEPRECATION WARNING: Disabling sessions for a single controller has been deprecated. Sessions are now lazy loaded. So if you don't access them, consider them off. You can still modify the session cookie options with request.session_options.. (called from /home/rahul/workspace/deep-hool/app/controllers/application_controller.rb:15)


Processing AccountController#login (for 127.0.0.1 at 2011-11-26 20:11:47) [GET]

ArgumentError (wrong number of arguments (0 for 1)):
  app/controllers/account_controller.rb:5:in `method'
  app/controllers/account_controller.rb:5:in `login'
  /usr/lib/ruby/1.8/webrick/httpserver.rb:104:in `service'
  /usr/lib/ruby/1.8/webrick/httpserver.rb:65:in `run'
  /usr/lib/ruby/1.8/webrick/server.rb:173:in `start_thread'
  /usr/lib/ruby/1.8/webrick/server.rb:162:in `start'
  /usr/lib/ruby/1.8/webrick/server.rb:162:in `start_thread'
  /usr/lib/ruby/1.8/webrick/server.rb:95:in `start'
  /usr/lib/ruby/1.8/webrick/server.rb:92:in `each'
  /usr/lib/ruby/1.8/webrick/server.rb:92:in `start'
  /usr/lib/ruby/1.8/webrick/server.rb:23:in `start'
  /usr/lib/ruby/1.8/webrick/server.rb:82:in `start'

Rendered rescues/_trace (90.1ms)
Rendered rescues/_request_and_response (1.4ms)
Rendering rescues/layout (internal_server_error)
  [4;36;1mSQL (0.2ms)[0m   [0;1mSET SQL_AUTO_IS_NULL=0[0m
DEPRECATION WARNING: Disabling sessions for a single controller has been deprecated. Sessions are now lazy loaded. So if you don't access them, consider them off. You can still modify the session cookie options with request.session_options.. (called from /home/rahul/workspace/deep-hool/app/controllers/application_controller.rb:15)


Processing AccountController#login (for 127.0.0.1 at 2011-11-26 20:34:07) [GET]

***** Debugger requested, but was not available: Start server with --debugger to enable *****

ArgumentError (wrong number of arguments (0 for 1)):
  app/controllers/account_controller.rb:6:in `method'
  app/controllers/account_controller.rb:6:in `login'
  /usr/lib/ruby/1.8/webrick/httpserver.rb:104:in `service'
  /usr/lib/ruby/1.8/webrick/httpserver.rb:65:in `run'
  /usr/lib/ruby/1.8/webrick/server.rb:173:in `start_thread'
  /usr/lib/ruby/1.8/webrick/server.rb:162:in `start'
  /usr/lib/ruby/1.8/webrick/server.rb:162:in `start_thread'
  /usr/lib/ruby/1.8/webrick/server.rb:95:in `start'
  /usr/lib/ruby/1.8/webrick/server.rb:92:in `each'
  /usr/lib/ruby/1.8/webrick/server.rb:92:in `start'
  /usr/lib/ruby/1.8/webrick/server.rb:23:in `start'
  /usr/lib/ruby/1.8/webrick/server.rb:82:in `start'

Rendered rescues/_trace (82.4ms)
Rendered rescues/_request_and_response (1.4ms)
Rendering rescues/layout (internal_server_error)
  [4;36;1mSQL (0.2ms)[0m   [0;1mSET SQL_AUTO_IS_NULL=0[0m
DEPRECATION WARNING: Disabling sessions for a single controller has been deprecated. Sessions are now lazy loaded. So if you don't access them, consider them off. You can still modify the session cookie options with request.session_options.. (called from /home/rahul/workspace/deep-hool/app/controllers/application_controller.rb:15)


Processing AccountController#login (for 127.0.0.1 at 2011-11-26 20:34:45) [GET]

ArgumentError (wrong number of arguments (0 for 1)):
  app/controllers/account_controller.rb:6:in `method'
  app/controllers/account_controller.rb:6:in `login'
  /usr/lib/ruby/1.8/webrick/httpserver.rb:104:in `service'
  /usr/lib/ruby/1.8/webrick/httpserver.rb:65:in `run'
  /usr/lib/ruby/1.8/webrick/server.rb:173:in `start_thread'
  /usr/lib/ruby/1.8/webrick/server.rb:162:in `start'
  /usr/lib/ruby/1.8/webrick/server.rb:162:in `start_thread'
  /usr/lib/ruby/1.8/webrick/server.rb:95:in `start'
  /usr/lib/ruby/1.8/webrick/server.rb:92:in `each'
  /usr/lib/ruby/1.8/webrick/server.rb:92:in `start'
  /usr/lib/ruby/1.8/webrick/server.rb:23:in `start'
  /usr/lib/ruby/1.8/webrick/server.rb:82:in `start'

Rendered rescues/_trace (48.3ms)
Rendered rescues/_request_and_response (1.9ms)
Rendering rescues/layout (internal_server_error)
  [4;36;1mSQL (0.1ms)[0m   [0;1mSET SQL_AUTO_IS_NULL=0[0m
DEPRECATION WARNING: Disabling sessions for a single controller has been deprecated. Sessions are now lazy loaded. So if you don't access them, consider them off. You can still modify the session cookie options with request.session_options.. (called from /home/rahul/workspace/deep-hool/app/controllers/application_controller.rb:15)


Processing AccountController#login (for 127.0.0.1 at 2011-11-26 20:38:04) [GET]

NoMethodError (You have a nil object when you didn't expect it!
You might have expected an instance of ActiveRecord::Base.
The error occurred while evaluating nil.[]):
  app/controllers/account_controller.rb:8:in `login'
  /usr/lib/ruby/1.8/webrick/httpserver.rb:104:in `service'
  /usr/lib/ruby/1.8/webrick/httpserver.rb:65:in `run'
  /usr/lib/ruby/1.8/webrick/server.rb:173:in `start_thread'
  /usr/lib/ruby/1.8/webrick/server.rb:162:in `start'
  /usr/lib/ruby/1.8/webrick/server.rb:162:in `start_thread'
  /usr/lib/ruby/1.8/webrick/server.rb:95:in `start'
  /usr/lib/ruby/1.8/webrick/server.rb:92:in `each'
  /usr/lib/ruby/1.8/webrick/server.rb:92:in `start'
  /usr/lib/ruby/1.8/webrick/server.rb:23:in `start'
  /usr/lib/ruby/1.8/webrick/server.rb:82:in `start'

Rendered rescues/_trace (47.3ms)
Rendered rescues/_request_and_response (1.8ms)
Rendering rescues/layout (internal_server_error)
  [4;36;1mSQL (0.2ms)[0m   [0;1mSET SQL_AUTO_IS_NULL=0[0m
DEPRECATION WARNING: Disabling sessions for a single controller has been deprecated. Sessions are now lazy loaded. So if you don't access them, consider them off. You can still modify the session cookie options with request.session_options.. (called from /home/rahul/workspace/deep-hool/app/controllers/application_controller.rb:15)


Processing ApplicationController#index (for 127.0.0.1 at 2011-11-26 21:51:06) [GET]

ActionController::RoutingError (No route matches "/" with {:method=>:get}):
  /usr/lib/ruby/1.8/webrick/httpserver.rb:104:in `service'
  /usr/lib/ruby/1.8/webrick/httpserver.rb:65:in `run'
  /usr/lib/ruby/1.8/webrick/server.rb:173:in `start_thread'
  /usr/lib/ruby/1.8/webrick/server.rb:162:in `start'
  /usr/lib/ruby/1.8/webrick/server.rb:162:in `start_thread'
  /usr/lib/ruby/1.8/webrick/server.rb:95:in `start'
  /usr/lib/ruby/1.8/webrick/server.rb:92:in `each'
  /usr/lib/ruby/1.8/webrick/server.rb:92:in `start'
  /usr/lib/ruby/1.8/webrick/server.rb:23:in `start'
  /usr/lib/ruby/1.8/webrick/server.rb:82:in `start'

Rendering rescues/layout (not_found)
  [4;35;1mSQL (0.1ms)[0m   [0mSET SQL_AUTO_IS_NULL=0[0m
DEPRECATION WARNING: Disabling sessions for a single controller has been deprecated. Sessions are now lazy loaded. So if you don't access them, consider them off. You can still modify the session cookie options with request.session_options.. (called from /home/rahul/workspace/deep-hool/app/controllers/application_controller.rb:15)


Processing AccountController#login (for 127.0.0.1 at 2011-11-26 21:51:11) [GET]

***** Debugger requested, but was not available: Start server with --debugger to enable *****

NoMethodError (You have a nil object when you didn't expect it!
You might have expected an instance of ActiveRecord::Base.
The error occurred while evaluating nil.[]):
  app/controllers/account_controller.rb:8:in `login'
  /usr/lib/ruby/1.8/webrick/httpserver.rb:104:in `service'
  /usr/lib/ruby/1.8/webrick/httpserver.rb:65:in `run'
  /usr/lib/ruby/1.8/webrick/server.rb:173:in `start_thread'
  /usr/lib/ruby/1.8/webrick/server.rb:162:in `start'
  /usr/lib/ruby/1.8/webrick/server.rb:162:in `start_thread'
  /usr/lib/ruby/1.8/webrick/server.rb:95:in `start'
  /usr/lib/ruby/1.8/webrick/server.rb:92:in `each'
  /usr/lib/ruby/1.8/webrick/server.rb:92:in `start'
  /usr/lib/ruby/1.8/webrick/server.rb:23:in `start'
  /usr/lib/ruby/1.8/webrick/server.rb:82:in `start'

Rendered rescues/_trace (39.6ms)
Rendered rescues/_request_and_response (1.6ms)
Rendering rescues/layout (internal_server_error)
  [4;36;1mSQL (0.2ms)[0m   [0;1mSET SQL_AUTO_IS_NULL=0[0m
DEPRECATION WARNING: Disabling sessions for a single controller has been deprecated. Sessions are now lazy loaded. So if you don't access them, consider them off. You can still modify the session cookie options with request.session_options.. (called from /home/rahul/workspace/deep-hool/app/controllers/application_controller.rb:15)


Processing AccountController#login (for 127.0.0.1 at 2011-11-26 21:52:32) [GET]

***** Debugger requested, but was not available: Start server with --debugger to enable *****

ArgumentError (wrong number of arguments (0 for 1)):
  app/controllers/account_controller.rb:6:in `method'
  app/controllers/account_controller.rb:6:in `login'
  /usr/lib/ruby/1.8/webrick/httpserver.rb:104:in `service'
  /usr/lib/ruby/1.8/webrick/httpserver.rb:65:in `run'
  /usr/lib/ruby/1.8/webrick/server.rb:173:in `start_thread'
  /usr/lib/ruby/1.8/webrick/server.rb:162:in `start'
  /usr/lib/ruby/1.8/webrick/server.rb:162:in `start_thread'
  /usr/lib/ruby/1.8/webrick/server.rb:95:in `start'
  /usr/lib/ruby/1.8/webrick/server.rb:92:in `each'
  /usr/lib/ruby/1.8/webrick/server.rb:92:in `start'
  /usr/lib/ruby/1.8/webrick/server.rb:23:in `start'
  /usr/lib/ruby/1.8/webrick/server.rb:82:in `start'

Rendered rescues/_trace (87.8ms)
Rendered rescues/_request_and_response (1.5ms)
Rendering rescues/layout (internal_server_error)
  [4;36;1mSQL (0.1ms)[0m   [0;1mSET SQL_AUTO_IS_NULL=0[0m
DEPRECATION WARNING: Disabling sessions for a single controller has been deprecated. Sessions are now lazy loaded. So if you don't access them, consider them off. You can still modify the session cookie options with request.session_options.. (called from /home/rahul/workspace/deep-hool/app/controllers/application_controller.rb:15)


Processing ApplicationController#index (for 127.0.0.1 at 2011-11-26 22:12:37) [GET]

ActionController::RoutingError (No route matches "/" with {:method=>:get}):
  /home/rahul/.passenger/standalone/3.0.9-x86-ruby1.8.7-linux-gcc4.5.2-1002/support/lib/phusion_passenger/rack/request_handler.rb:96:in `process_request'
  /home/rahul/.passenger/standalone/3.0.9-x86-ruby1.8.7-linux-gcc4.5.2-1002/support/lib/phusion_passenger/abstract_request_handler.rb:513:in `accept_and_process_next_request'
  /home/rahul/.passenger/standalone/3.0.9-x86-ruby1.8.7-linux-gcc4.5.2-1002/support/lib/phusion_passenger/abstract_request_handler.rb:274:in `main_loop'
  /home/rahul/.passenger/standalone/3.0.9-x86-ruby1.8.7-linux-gcc4.5.2-1002/support/lib/phusion_passenger/classic_rails/application_spawner.rb:321:in `start_request_handler'
  /home/rahul/.passenger/standalone/3.0.9-x86-ruby1.8.7-linux-gcc4.5.2-1002/support/lib/phusion_passenger/classic_rails/application_spawner.rb:275:in `send'
  /home/rahul/.passenger/standalone/3.0.9-x86-ruby1.8.7-linux-gcc4.5.2-1002/support/lib/phusion_passenger/classic_rails/application_spawner.rb:275:in `handle_spawn_application'
  /home/rahul/.passenger/standalone/3.0.9-x86-ruby1.8.7-linux-gcc4.5.2-1002/support/lib/phusion_passenger/utils.rb:479:in `safe_fork'
  /home/rahul/.passenger/standalone/3.0.9-x86-ruby1.8.7-linux-gcc4.5.2-1002/support/lib/phusion_passenger/classic_rails/application_spawner.rb:270:in `handle_spawn_application'
  /home/rahul/.passenger/standalone/3.0.9-x86-ruby1.8.7-linux-gcc4.5.2-1002/support/lib/phusion_passenger/abstract_server.rb:357:in `__send__'
  /home/rahul/.passenger/standalone/3.0.9-x86-ruby1.8.7-linux-gcc4.5.2-1002/support/lib/phusion_passenger/abstract_server.rb:357:in `server_main_loop'
  /home/rahul/.passenger/standalone/3.0.9-x86-ruby1.8.7-linux-gcc4.5.2-1002/support/lib/phusion_passenger/abstract_server.rb:206:in `start_synchronously'
  /home/rahul/.passenger/standalone/3.0.9-x86-ruby1.8.7-linux-gcc4.5.2-1002/support/lib/phusion_passenger/abstract_server.rb:180:in `start'
  /home/rahul/.passenger/standalone/3.0.9-x86-ruby1.8.7-linux-gcc4.5.2-1002/support/lib/phusion_passenger/classic_rails/application_spawner.rb:149:in `start'
  /home/rahul/.passenger/standalone/3.0.9-x86-ruby1.8.7-linux-gcc4.5.2-1002/support/lib/phusion_passenger/spawn_manager.rb:219:in `spawn_rails_application'
  /home/rahul/.passenger/standalone/3.0.9-x86-ruby1.8.7-linux-gcc4.5.2-1002/support/lib/phusion_passenger/abstract_server_collection.rb:132:in `lookup_or_add'
  /home/rahul/.passenger/standalone/3.0.9-x86-ruby1.8.7-linux-gcc4.5.2-1002/support/lib/phusion_passenger/spawn_manager.rb:214:in `spawn_rails_application'
  /home/rahul/.passenger/standalone/3.0.9-x86-ruby1.8.7-linux-gcc4.5.2-1002/support/lib/phusion_passenger/abstract_server_collection.rb:82:in `synchronize'
  /home/rahul/.passenger/standalone/3.0.9-x86-ruby1.8.7-linux-gcc4.5.2-1002/support/lib/phusion_passenger/abstract_server_collection.rb:79:in `synchronize'
  /home/rahul/.passenger/standalone/3.0.9-x86-ruby1.8.7-linux-gcc4.5.2-1002/support/lib/phusion_passenger/spawn_manager.rb:213:in `spawn_rails_application'
  /home/rahul/.passenger/standalone/3.0.9-x86-ruby1.8.7-linux-gcc4.5.2-1002/support/lib/phusion_passenger/spawn_manager.rb:132:in `spawn_application'
  /home/rahul/.passenger/standalone/3.0.9-x86-ruby1.8.7-linux-gcc4.5.2-1002/support/lib/phusion_passenger/spawn_manager.rb:275:in `handle_spawn_application'
  /home/rahul/.passenger/standalone/3.0.9-x86-ruby1.8.7-linux-gcc4.5.2-1002/support/lib/phusion_passenger/abstract_server.rb:357:in `__send__'
  /home/rahul/.passenger/standalone/3.0.9-x86-ruby1.8.7-linux-gcc4.5.2-1002/support/lib/phusion_passenger/abstract_server.rb:357:in `server_main_loop'
  /home/rahul/.passenger/standalone/3.0.9-x86-ruby1.8.7-linux-gcc4.5.2-1002/support/lib/phusion_passenger/abstract_server.rb:206:in `start_synchronously'
  /home/rahul/.passenger/standalone/3.0.9-x86-ruby1.8.7-linux-gcc4.5.2-1002/support/helper-scripts/passenger-spawn-server:99

Rendering rescues/layout (not_found)
